<?xml version="1.0" encoding="UTF-8"?>
<!-- Generated by org.testng.reporters.JUnitReportReporter -->
<testsuite hostname="LAPTOP-6NCFE75A" failures="0" tests="4" name="javaprojectEkta.ParallelExecution" time="70.305" errors="0" timestamp="26 Nov 2019 21:57:52 GMT" skipped="0">
  <testcase classname="javaprojectEkta.ParallelExecution" name="testCase1" time="0.002"/>
  <testcase classname="javaprojectEkta.ParallelExecution" name="testCase4" time="0.002"/>
  <testcase classname="javaprojectEkta.ParallelExecution" name="testCase2" time="0.002"/>
  <testcase classname="javaprojectEkta.ParallelExecution" name="testCase3" time="70.299"/>
</testsuite> <!-- javaprojectEkta.ParallelExecution -->
