<?xml version="1.0" encoding="UTF-8"?>
<!-- Generated by org.testng.reporters.JUnitReportReporter -->
<testsuite hostname="LAPTOP-6NCFE75A" failures="0" tests="1" name="javaprojectEkta.GoogleHomePageTitle" time="0.014" errors="0" timestamp="30 Nov 2019 20:50:31 GMT" skipped="0">
  <testcase classname="javaprojectEkta.GoogleHomePageTitle" name="verifyGooglePageTitle" time="0.014"/>
</testsuite> <!-- javaprojectEkta.GoogleHomePageTitle -->
