<?xml version="1.0" encoding="UTF-8"?>
<!-- Generated by org.testng.reporters.JUnitReportReporter -->
<testsuite hostname="LAPTOP-6NCFE75A" failures="0" tests="4" name="javaprojectEkta.ParallelExecution1" time="0.028" errors="0" timestamp="26 Nov 2019 18:23:13 GMT" skipped="0">
  <testcase classname="javaprojectEkta.ParallelExecution1" name="testCase8" time="0.002"/>
  <testcase classname="javaprojectEkta.ParallelExecution1" name="testCase5" time="0.002"/>
  <testcase classname="javaprojectEkta.ParallelExecution1" name="testCase7" time="0.022"/>
  <testcase classname="javaprojectEkta.ParallelExecution1" name="testCase6" time="0.002"/>
</testsuite> <!-- javaprojectEkta.ParallelExecution1 -->
