<?xml version="1.0" encoding="UTF-8"?>
<!-- Generated by org.testng.reporters.JUnitReportReporter -->
<testsuite hostname="LAPTOP-6NCFE75A" failures="0" tests="1" name="FirstTestNgFile" time="3.070" errors="0" timestamp="26 Nov 2019 01:48:40 GMT" skipped="0">
  <testcase classname="FirstTestNgFile" name="verifyHomePageTitle" time="3.070"/>
</testsuite> <!-- FirstTestNgFile -->
