<?xml version="1.0" encoding="UTF-8"?>
<!-- Generated by org.testng.reporters.JUnitReportReporter -->
<testsuite hostname="LAPTOP-6NCFE75A" failures="0" tests="4" name="NewTest" time="0.040" errors="0" timestamp="26 Nov 2019 17:33:04 GMT" skipped="0">
  <testcase classname="NewTest" name="testCase1" time="0.002"/>
  <testcase classname="NewTest" name="testCase4" time="0.005"/>
  <testcase classname="NewTest" name="testCase2" time="0.014"/>
  <testcase classname="NewTest" name="testCase3" time="0.019"/>
</testsuite> <!-- NewTest -->
